bin\release\dplatform.dll
bin\release\reflectionsession.dll
bin\release\extraealsession.dll
bin\release\keasession.dll
bin\release\ifastcsi.dll
bin\debug\dplatform_d.dll
bin\debug\reflectionsession_d.dll
bin\debug\extraealsession_d.dll
bin\debug\keasession_d.dll
bin\debug\ifastcsi_d.dll
lib\release\dplatform.lib
lib\release\reflectionsession.lib
lib\release\extraealsession.lib
lib\release\keasession.lib
lib\release\tesession.lib
lib\release\ifastcsi.lib
lib\debug\dplatform_d.lib
lib\debug\reflectionsession_d.lib
lib\debug\keasession_d.lib
lib\debug\extraealsession_d.lib
lib\debug\tesession_d.lib
lib\debug\ifastcsi_d.lib

