Ltcg_Split_Allowed_Cde by User: DRDB
Ltcg_Split_Allowed_Cde by User: DRDB
Div_Split_Allowed_Cde by User: DRDB
Div_Split_Allowed_Cde by User: DRDB
Telephone_Exchange by User: DJOO
Buy_Agrmnt_Ach_Warehse_Day_Cnt by User: DT28873
Ltcg_Split_Allowed_Cde by User: DRDB
Buy_Agrmnt_Ach_Warehse_Day_Cnt by User: DT28873
Div_Split_Allowed_Cde by User: DRDB
Buy_Agrmnt_Ach_Warehse_Day_Cnt by User: DT28873
Telephone_Exchange by User: DAWC
Ltcg_Split_Allowed_Cde by User: DAWR
Telephone_Exchange by User: DAWR
Fund_Auto_Cum_Disc_Assign_Cde by User: DT24433
Telephone_Exchange by User: DMAL
Telephone_Exchange by User: DDSD
Alw_Wire_Red_Add_Bnk_Inf_Cde by User: DR1H
Telephone_Exchange by User: DDSD
Alw_Wire_Red_Add_Bnk_Inf_Cde by User: DR1H
Alw_Same_Day_Dir_Wire_Red_Cde by User: DT28874
Alw_Same_Day_Dir_Wire_Red_Cde by User: DT28874
Alw_Same_Day_Dir_Wire_Red_Cde by User: DT28874
Alw_Wire_Red_Add_Bnk_Inf_Cde by User: DR1H
Alw_Wire_Red_Add_Bnk_Inf_Cde by User: DR1H
Alw_Wire_Red_Add_Bnk_Inf_Cde by User: DR1H
Alw_Wire_Red_Add_Bnk_Inf_Cde by User: DR1H
Alw_Wire_Red_Add_Bnk_Inf_Cde by User: DT28874
Alw_Wire_Red_Add_Bnk_Inf_Cde by User: DR1H
Alw_Wire_Red_Add_Bnk_Inf_Cde by User: DR1H
Alw_Wire_Red_Add_Bnk_Inf_Cde by User: DR1H
Alw_Wire_Red_Add_Bnk_Inf_Cde by User: DR1H
Alw_Wire_Red_Add_Bnk_Inf_Cde by User: DR1H
Alw_Wire_Red_Add_Bnk_Inf_Cde by User: DR1H
Alw_Wire_Red_Add_Bnk_Inf_Cde by User: DR1H
Alw_Wire_Red_Add_Bnk_Inf_Cde by User: DR1H
Alw_Wire_Red_Add_Bnk_Inf_Cde by User: DR1H
Alw_Wire_Red_Add_Bnk_Inf_Cde by User: DR1H
Alw_Wire_Red_Add_Bnk_Inf_Cde by User: DR1H
Alw_Wire_Red_Add_Bnk_Inf_Cde by User: DT28874
Alw_Wire_Red_Add_Bnk_Info_Cde by User: DT28874
Alw_Same_Day_Dir_Wire_Red_Cde by User: DT28874
Alw_Wire_Red_Add_Bnk_Inf_Cde by User: DT28874
Alw_Wire_Red_Add_Bnk_Inf_Cde by User: DT28874
Alw_Wire_Red_Add_Bnk_Info_Cde by User: DT28874
Alw_Wire_Red_Add_Bnk_Inf_Cde by User: DR1H
Alw_Wire_Red_Add_Bnk_Inf_Cde by User: DR1H
Alw_Wire_Red_Add_Bnk_Inf_Cde by User: DR1H
Alw_Wire_Red_Add_Bnk_Inf_Cde by User: DR1H
Alw_Wire_Red_Add_Bnk_Inf_Cde by User: DR1H
Alw_Wire_Red_Add_Bnk_Inf_Cde by User: DR1H
Alw_Wire_Red_Add_Bnk_Inf_Cde by User: DR1H
Alw_Wire_Red_Add_Bnk_Inf_Cde by User: DR1H
Alw_Wire_Red_Add_Bnk_Inf_Cde by User: DR1H
Alw_Wire_Red_Add_Bnk_Inf_Cde by User: DR1H
Alw_Wire_Red_Add_Bnk_Inf_Cde by User: DR1H
Alw_Wire_Red_Add_Bnk_Inf_Cde by User: DR1H
Alw_Wire_Red_Add_Bnk_Inf_Cde by User: DR1H
Alw_Wire_Red_Add_Bnk_Inf_Cde by User: DR1H
Alw_Wire_Red_Add_Bnk_Inf_Cde by User: DR1H
Alw_Wire_Red_Add_Bnk_Inf_Cde by User: DT28874
Alw_Wire_Red_Add_Bnk_Inf_Cde by User: DR1H
Alw_Wire_Red_Add_Bnk_Inf_Cde by User: DT28874
Alw_Wire_Red_Add_Bnk_Inf_Cde by User: DDLS
Alw_Wire_Red_Add_Bnk_Inf_Cde by User: DDLS
Alw_Wire_Red_Add_Bnk_Inf_Cde by User: DDLS
Alw_Wire_Red_Add_Bnk_Inf_Cde by User: DDLS
Telephone_Exchange by User: DAWC
Alw_Wire_Red_Add_Bnk_Inf_Cde by User: DDLS
Telephone_Exchange by User: DDSD
Telephone_Exchange by User: DDSD
Telephone_Exchange by User: DDSD
Telephone_Exchange by User: DDLS
Telephone_Exchange by User: DDLS
Ltcg_Split_Allowed_Cde by User: DRDB
Div_Split_Allowed_Cde by User: DRDB
Div_Split_Allowed_Cde by User: DRDB
Telephone_Exchange by User: DRJI
Ltcg_Split_Allowed_Cde by User: DDSD
Alw_Same_Day_Dir_Wire_Red_Cde by User: DT28874
Alw_Same_Day_Dir_Wire_Red_Cde by User: DT28874
Alw_Same_Day_Dir_Wire_Red_Cde by User: DT28874
Alw_Same_Day_Dir_Wire_Red_Cde by User: DT28874
Alw_Same_Day_Dir_Wire_Red_Cde by User: DT28874
Alw_Same_Day_Dir_Wire_Red_Cde by User: DT28874
Alw_Same_Day_Dir_Wire_Red_Cde by User: DT28874
Alw_Same_Day_Dir_Wire_Red_Cde by User: DT28874
Alw_Same_Day_Dir_Wire_Red_Cde by User: DT28874
Alw_Same_Day_Dir_Wire_Red_Cde by User: DT28874
Alw_Same_Day_Dir_Wire_Red_Cde by User: DT28874
Alw_Same_Day_Dir_Wire_Red_Cde by User: DT28874
Alw_Same_Day_Dir_Wire_Red_Cde by User: DT28874
Alw_Same_Day_Dir_Wire_Red_Cde by User: DT28874
Alw_Same_Day_Dir_Wire_Red_Cde by User: DT28874
Alw_Same_Day_Dir_Wire_Red_Cde by User: DT28874
Alw_Same_Day_Dir_Wire_Red_Cde by User: DT28874
Alw_Same_Day_Dir_Wire_Red_Cde by User: DT28874
Alw_Same_Day_Dir_Wire_Red_Cde by User: DT28874
Alw_Same_Day_Dir_Wire_Red_Cde by User: DT28874
Alw_Same_Day_Dir_Wire_Red_Cde by User: DT28874
Alw_Same_Day_Dir_Wire_Red_Cde by User: DT28874
Alw_Same_Day_Dir_Wire_Red_Cde by User: DT28874
Alw_Same_Day_Dir_Wire_Red_Cde by User: DT28874
Alw_Same_Day_Dir_Wire_Red_Cde by User: DT28874
Alw_Same_Day_Dir_Wire_Red_Cde by User: DT28874
Alw_Same_Day_Dir_Wire_Red_Cde by User: DT28874
Alw_Same_Day_Dir_Wire_Red_Cde by User: DT28874
Alw_Same_Day_Dir_Wire_Red_Cde by User: DT28874
Alw_Same_Day_Dir_Wire_Red_Cde by User: DT28874
Alw_Same_Day_Dir_Wire_Red_Cde by User: DT28874
Alw_Same_Day_Dir_Wire_Red_Cde by User: DT28874
Alw_Same_Day_Dir_Wire_Red_Cde by User: DT28874
Alw_Same_Day_Dir_Wire_Red_Cde by User: DT28874
Alw_Same_Day_Dir_Wire_Red_Cde by User: DT28874
Alw_Same_Day_Dir_Wire_Red_Cde by User: DT28874
Alw_Same_Day_Dir_Wire_Red_Cde by User: DT28874
Alw_Same_Day_Dir_Wire_Red_Cde by User: DT28874
Alw_Same_Day_Dir_Wire_Red_Cde by User: DT28874
Alw_Same_Day_Dir_Wire_Red_Cde by User: DT28874
Alw_Same_Day_Dir_Wire_Red_Cde by User: DT28874
Alw_Same_Day_Dir_Wire_Red_Cde by User: DT28874
Alw_Same_Day_Dir_Wire_Red_Cde by User: DT28874
Alw_Same_Day_Dir_Wire_Red_Cde by User: DT28874
Alw_Same_Day_Dir_Wire_Red_Cde by User: DT28874
Telephone_Exchange by User: DT27921
Alw_Wire_Red_Add_Bnk_Info_Cde by User: DT28874
Alw_Wire_Red_Add_Bnk_Info_Cde by User: DT28874
Alw_Wire_Red_Add_Bnk_Info_Cde by User: DT28874
Alw_Wire_Red_Add_Bnk_Info_Cde by User: DT28874
Alw_Wire_Red_Add_Bnk_Info_Cde by User: DT28874
Alw_Wire_Red_Add_Bnk_Info_Cde by User: DT28874
Alw_Wire_Red_Add_Bnk_Info_Cde by User: DT28874
Alw_Wire_Red_Add_Bnk_Info_Cde by User: DT28874
Alw_Wire_Red_Add_Bnk_Info_Cde by User: DT28874
Alw_Wire_Red_Add_Bnk_Info_Cde by User: DT28874
Alw_Wire_Red_Add_Bnk_Info_Cde by User: DT28874
Alw_Wire_Red_Add_Bnk_Info_Cde by User: DT28874
Alw_Wire_Red_Add_Bnk_Info_Cde by User: DT28874
Alw_Wire_Red_Add_Bnk_Info_Cde by User: DT28874
Alw_Wire_Red_Add_Bnk_Info_Cde by User: DT28874
Alw_Wire_Red_Add_Bnk_Info_Cde by User: DT28874
Alw_Wire_Red_Add_Bnk_Info_Cde by User: DT28874
Alw_Wire_Red_Add_Bnk_Info_Cde by User: DT28874
Alw_Wire_Red_Add_Bnk_Info_Cde by User: DT28874
Alw_Wire_Red_Add_Bnk_Info_Cde by User: DT28874
Alw_Wire_Red_Add_Bnk_Info_Cde by User: DT28874
Alw_Wire_Red_Add_Bnk_Info_Cde by User: DT28874
Alw_Wire_Red_Add_Bnk_Info_Cde by User: DT28874
Alw_Wire_Red_Add_Bnk_Info_Cde by User: DT28874
Alw_Wire_Red_Add_Bnk_Info_Cde by User: DT28874
Alw_Wire_Red_Add_Bnk_Info_Cde by User: DT28874
Alw_Wire_Red_Add_Bnk_Info_Cde by User: DT28874
Alw_Wire_Red_Add_Bnk_Info_Cde by User: DT28874
Alw_Wire_Red_Add_Bnk_Info_Cde by User: DT28874
Alw_Wire_Red_Add_Bnk_Info_Cde by User: DT28874
Alw_Wire_Red_Add_Bnk_Info_Cde by User: DT28874
Alw_Wire_Red_Add_Bnk_Info_Cde by User: DT28874
Alw_Wire_Red_Add_Bnk_Info_Cde by User: DT28874
Alw_Wire_Red_Add_Bnk_Info_Cde by User: DT28874
Alw_Wire_Red_Add_Bnk_Info_Cde by User: DT28874
Alw_Wire_Red_Add_Bnk_Info_Cde by User: DT28874
Alw_Wire_Red_Add_Bnk_Info_Cde by User: DT28874
Alw_Wire_Red_Add_Bnk_Info_Cde by User: DT28874
Alw_Wire_Red_Add_Bnk_Info_Cde by User: DT28874
Alw_Wire_Red_Add_Bnk_Info_Cde by User: DT28874
Alw_Wire_Red_Add_Bnk_Info_Cde by User: DT28874
Different_Fi_Msg_Cde by User: DDSD
Transfer_On_Death_Cde by User: DDSD
Different_Tin_Msg_Cde by User: DDLS
Different_Tin_Msg_Cde by User: DDLS
Transfer_On_Death_Cde by User: DDSD
Transfer_On_Death_Cde by User: DDSD
Partnership_Fund by User: DEXW
Partnership_Fund by User: DEXW
Transfer_On_Death_Cde by User: DDSD
Partnership_Fund by User: DEXW
Partnership_Fund by User: DEXW
Partnership_Fund by User: DEXW
Partnership_Fund by User: DEXW
Partnership_Fund by User: DEXW
Partnership_Fund by User: DEXW
Partnership_Fund by User: DEXW
Transfer_On_Death_Cde by User: DDSD
Transfer_On_Death_Cde by User: DDSD
Partnership_Fund by User: DEXW
Partnership_Fund by User: DEXW
Partnership_Fund by User: DEXW
Transfer_On_Death_Cde by User: DDSD
Transfer_On_Death_Cde by User: DDSD
Transfer_On_Death_Cde by User: DDSD
Partnership_Fund by User: DEXW
Transfer_On_Death_Cde by User: DDSD
Partnership_Fund by User: DEXW
Partnership_Fund by User: DEXW
Partnership_Fund by User: DEXW
Partnership_Fund by User: DEXW
Partnership_Fund by User: DEXW
Partnership_Fund by User: DEXW
Partnership_Fund by User: DEXW
Partnership_Fund by User: DEXW
Partnership_Fund by User: DEXW
Partnership_Fund by User: DEXW
Partnership_Fund by User: DEXW
Partnership_Fund by User: DEXW
Partnership_Fund by User: DRDB
Transfer_On_Death_Cde by User: DDSD
Transfer_On_Death_Cde by User: DDSD
Transfer_On_Death_Cde by User: DT28873
Dpy_Bank_Ist_Chg_Msg_Day_Cnt by User: DJBH
Transfer_On_Death_Cde by User: DDSD
Transfer_On_Death_Cde by User: DR1H
Dpy_Bank_Ist_Chg_Msg_Day_Cnt by User: DDLS
Transfer_On_Death_Cde by User: DR1H
Transfer_On_Death_Cde by User: DR1H
Transfer_On_Death_Cde by User: DR1H
Transfer_On_Death_Cde by User: DR1H
Transfer_On_Death_Cde by User: DR1H
Transfer_On_Death_Cde by User: DR1H
Dpy_Bank_Ist_Chg_Msg_Day_Cnt by User: DJBH
Dpy_Bank_Ist_Chg_Msg_Day_Cnt by User: DJBH
Dpy_Bank_Ist_Chg_Msg_Day_Cnt by User: DT28874
Dpy_Bank_Ist_Chg_Msg_Day_Cnt by User: DT28874
Dpy_Bank_Ist_Chg_Msg_Day_Cnt by User: DJBH
Dpy_Bank_Ist_Chg_Msg_Day_Cnt by User: DJBH
Dpy_Bank_Ist_Chg_Msg_Day_Cnt by User: DJBH
Dpy_Bank_Ist_Chg_Msg_Day_Cnt by User: DJBH
Dpy_Bank_Ist_Chg_Msg_Day_Cnt by User: DJBH
Dpy_Bank_Ist_Chg_Msg_Day_Cnt by User: DT28874
Dpy_Bank_Ist_Chg_Msg_Day_Cnt by User: DT28874
Dpy_Bank_Ist_Chg_Msg_Day_Cnt by User: DJBH
Dpy_Bank_Ist_Chg_Msg_Day_Cnt by User: DT28874
Dpy_Bank_Ist_Chg_Msg_Day_Cnt by User: DT28874
Exchange_Different_Tin_Msg_Cde by User: DAWR
Different_Fi_Msg_Cde by User: DAWR
Trns_Death_Dist_Type_Cde by User: DSSD
Trns_Death_Dist_Type_Cde by User: DSSD
Trns_Death_Dist_Type_Cde by User: DMAL
Ltcg_Split_Allowed_Cde by User: DBXG
Ach_Spec_Redemption_Deflt_Cde by User: DR1H
Trade_Close_Message_Cde by User: DT28874
Trade_Close_Message_Cde by User: DT28874
Trade_Close_Message_Cde by User: DT28874
Trade_Close_Message_Cde by User: DT28874
Wire_Redemption_Default_Cde by User: DSSD
Wire_Redemption_Default_Cde by User: DSSD
Wire_Redemption_Default_Cde by User: DSSD
Wire_Redemption_Default_Cde by User: DSSD
Wire_Redemption_Default_Cde by User: DSSD
Wire_Redemption_Default_Cde by User: DSSD
Ach_Spec_Purchase_Default_Cde by User: DDSD
Ach_Spec_Purchase_Default_Cde by User: DDSD
